<?xml version="1.0" encoding="UTF-8"?>
<!-- Generated by org.testng.reporters.JUnitXMLReporter -->
<testsuite ignored="2" hostname="LAPTOP-PTSLO3OM" failures="0" tests="0" time="0.028" errors="0" timestamp="2024-03-02T20:16:54 IST">
  <testcase classname="SCB.SeleniumFrameworkDesign.Tests.SubmitOrderTest" name="orderHistory" time="0.0">
    <ignored/>
  </testcase> <!-- orderHistory -->
  <testcase classname="SCB.SeleniumFrameworkDesign.Tests.SubmitOrderTest" name="submitOrder" time="0.0">
    <ignored/>
  </testcase> <!-- submitOrder -->
</testsuite>
