<?xml version="1.0" encoding="UTF-8"?>
<!-- Generated by org.testng.reporters.JUnitXMLReporter -->
<testsuite ignored="0" hostname="LAPTOP-PTSLO3OM" failures="0" tests="3" name="Test" time="108.067" errors="0" timestamp="2024-02-08T16:47:28 IST">
  <testcase classname="SCB.SeleniumFrameworkDesign.Tests.SubmitOrderTest" name="submitOrder" time="8.101"/>
  <testcase classname="SCB.SeleniumFrameworkDesign.Tests.SubmitOrderTest" name="submitOrder" time="8.695"/>
  <testcase classname="SCB.SeleniumFrameworkDesign.Tests.SubmitOrderTest" name="orderHistory" time="9.431"/>
</testsuite> <!-- Test -->
