<?xml version="1.0" encoding="UTF-8"?>
<!-- Generated by org.testng.reporters.JUnitXMLReporter -->
<testsuite ignored="2" hostname="LAPTOP-PTSLO3OM" failures="0" tests="0" time="0.001" errors="0" timestamp="2024-02-10T11:00:57 IST">
  <testcase classname="SCB.SeleniumFrameworkDesign.Tests.ErrorValidationsTest" name="productErrorValidation" time="0.0">
    <ignored/>
  </testcase> <!-- productErrorValidation -->
  <testcase classname="SCB.SeleniumFrameworkDesign.Tests.ErrorValidationsTest" name="loginErrorValidation" time="0.0">
    <ignored/>
  </testcase> <!-- loginErrorValidation -->
</testsuite>
