<?xml version="1.0" encoding="UTF-8"?>
<!-- Generated by org.testng.reporters.JUnitXMLReporter -->
<testsuite ignored="1" hostname="LAPTOP-PTSLO3OM" failures="0" tests="2" name="SubmitOrder" time="100.705" errors="0" timestamp="2024-02-10T11:00:56 IST">
  <testcase classname="SCB.SeleniumFrameworkDesign.Tests.SubmitOrderTest" name="submitOrder" time="11.59"/>
  <testcase classname="SCB.SeleniumFrameworkDesign.Tests.SubmitOrderTest" name="submitOrder" time="7.118"/>
  <testcase classname="SCB.SeleniumFrameworkDesign.Tests.SubmitOrderTest" name="orderHistory" time="0.0">
    <ignored/>
  </testcase> <!-- orderHistory -->
</testsuite> <!-- SubmitOrder -->
